2023-05-30 11:15:35.029  INFO 13931 --- [main] s.formation.springBoot.Application       : Starting Application using Java 17.0.1 on MacBook-Pro-de-olivier.local with PID 13931 (/Users/olivier/Documents/soprasteria.20230425.nosync/soprasteria-2024-04-25/SPRING-BOOT/springBoot/target/classes started by olivier in /Users/olivier/Documents/soprasteria.20230425.nosync/soprasteria-2024-04-25/SPRING-BOOT/springBoot)
2023-05-30 11:15:35.043  INFO 13931 --- [main] s.formation.springBoot.Application       : The following 1 profile is active: "dev"
2023-05-30 11:15:35.457  INFO 13931 --- [main] .s.d.r.c.RepositoryConfigurationDelegate : Bootstrapping Spring Data JPA repositories in DEFAULT mode.
2023-05-30 11:15:35.486  INFO 13931 --- [main] .s.d.r.c.RepositoryConfigurationDelegate : Finished Spring Data repository scanning in 25 ms. Found 3 JPA repository interfaces.
2023-05-30 11:15:35.772  INFO 13931 --- [main] o.s.b.w.embedded.tomcat.TomcatWebServer  : Tomcat initialized with port(s): 8080 (http)
2023-05-30 11:15:35.777  INFO 13931 --- [main] o.apache.catalina.core.StandardService   : Starting service [Tomcat]
2023-05-30 11:15:35.777  INFO 13931 --- [main] org.apache.catalina.core.StandardEngine  : Starting Servlet engine: [Apache Tomcat/9.0.75]
2023-05-30 11:15:35.899  INFO 13931 --- [main] org.apache.jasper.servlet.TldScanner     : At least one JAR was scanned for TLDs yet contained no TLDs. Enable debug logging for this logger for a complete list of JARs that were scanned but no TLDs were found in them. Skipping unneeded JARs during scanning can improve startup time and JSP compilation time.
2023-05-30 11:15:35.905  INFO 13931 --- [main] o.a.c.c.C.[Tomcat].[localhost].[/demo]   : Initializing Spring embedded WebApplicationContext
2023-05-30 11:15:35.905  INFO 13931 --- [main] w.s.c.ServletWebServerApplicationContext : Root WebApplicationContext: initialization completed in 821 ms
2023-05-30 11:15:35.979  INFO 13931 --- [main] o.hibernate.jpa.internal.util.LogHelper  : HHH000204: Processing PersistenceUnitInfo [name: default]
2023-05-30 11:15:36.002  INFO 13931 --- [main] org.hibernate.Version                    : HHH000412: Hibernate ORM core version 5.6.15.Final
2023-05-30 11:15:36.077  INFO 13931 --- [main] o.hibernate.annotations.common.Version   : HCANN000001: Hibernate Commons Annotations {5.1.2.Final}
2023-05-30 11:15:36.122  INFO 13931 --- [main] com.zaxxer.hikari.HikariDataSource       : HikariPool-1 - Starting...
2023-05-30 11:15:36.296  INFO 13931 --- [main] com.zaxxer.hikari.HikariDataSource       : HikariPool-1 - Start completed.
2023-05-30 11:15:36.303  INFO 13931 --- [main] org.hibernate.dialect.Dialect            : HHH000400: Using dialect: org.hibernate.dialect.MySQL8Dialect
2023-05-30 11:15:36.756  INFO 13931 --- [main] o.h.e.t.j.p.i.JtaPlatformInitiator       : HHH000490: Using JtaPlatform implementation: [org.hibernate.engine.transaction.jta.platform.internal.NoJtaPlatform]
2023-05-30 11:15:36.761  INFO 13931 --- [main] j.LocalContainerEntityManagerFactoryBean : Initialized JPA EntityManagerFactory for persistence unit 'default'
2023-05-30 11:15:36.780  WARN 13931 --- [main] JpaBaseConfiguration$JpaWebConfiguration : spring.jpa.open-in-view is enabled by default. Therefore, database queries may be performed during view rendering. Explicitly configure spring.jpa.open-in-view to disable this warning
2023-05-30 11:15:37.205  INFO 13931 --- [main] o.s.s.web.DefaultSecurityFilterChain     : Will secure Ant [pattern='/**'] with [org.springframework.security.web.session.DisableEncodeUrlFilter@8de8b07, org.springframework.security.web.context.request.async.WebAsyncManagerIntegrationFilter@7b55f0a6, org.springframework.security.web.context.SecurityContextPersistenceFilter@751b901a, org.springframework.security.web.header.HeaderWriterFilter@5248c05a, org.springframework.security.web.authentication.logout.LogoutFilter@757f47f0, org.springframework.security.web.authentication.UsernamePasswordAuthenticationFilter@96448ee, org.springframework.security.web.authentication.ui.DefaultLoginPageGeneratingFilter@1e4b9592, org.springframework.security.web.authentication.ui.DefaultLogoutPageGeneratingFilter@3fc7abf6, org.springframework.security.web.savedrequest.RequestCacheAwareFilter@1ccce165, org.springframework.security.web.servletapi.SecurityContextHolderAwareRequestFilter@4e0139, org.springframework.security.web.authentication.AnonymousAuthenticationFilter@1016b44e, org.springframework.security.web.session.SessionManagementFilter@601e7c97, org.springframework.security.web.access.ExceptionTranslationFilter@32d8e58d, org.springframework.security.web.access.intercept.FilterSecurityInterceptor@3f1d4ecf]
2023-05-30 11:15:37.242  INFO 13931 --- [main] o.s.b.w.embedded.tomcat.TomcatWebServer  : Tomcat started on port(s): 8080 (http) with context path '/demo'
2023-05-30 11:15:37.248  INFO 13931 --- [main] s.formation.springBoot.Application       : Started Application in 2.445 seconds (JVM running for 2.817)
2023-05-30 11:15:37.248 DEBUG 13931 --- [main] s.f.springBoot.services.ConsoleService   : debug
2023-05-30 11:15:37.249  INFO 13931 --- [main] s.f.springBoot.services.ConsoleService   : info
2023-05-30 11:15:37.249  WARN 13931 --- [main] s.f.springBoot.services.ConsoleService   : warn
2023-05-30 11:15:37.249 ERROR 13931 --- [main] s.f.springBoot.services.ConsoleService   : error
2023-05-30 11:16:29.265  INFO 13931 --- [SpringApplicationShutdownHook] j.LocalContainerEntityManagerFactoryBean : Closing JPA EntityManagerFactory for persistence unit 'default'
2023-05-30 11:16:29.267  INFO 13931 --- [SpringApplicationShutdownHook] com.zaxxer.hikari.HikariDataSource       : HikariPool-1 - Shutdown initiated...
2023-05-30 11:16:29.277  INFO 13931 --- [SpringApplicationShutdownHook] com.zaxxer.hikari.HikariDataSource       : HikariPool-1 - Shutdown completed.
